<?xml version="1.0" encoding="utf-8"?>
<coverage line-rate="0.9017000000000001" branch-rate="0.8020999999999999" version="1.9" timestamp="1783269927" lines-covered="578" lines-valid="641" branches-covered="223" branches-valid="278">
  <sources>
    <source>D:\Projects\AI course\gen-ai-course\homework-2\src\TicketingApi\</source>
  </sources>
  <packages>
    <package name="TicketingApi" line-rate="0.9017000000000001" branch-rate="0.8020999999999999" complexity="344">
      <classes>
        <class name="Program" filename="Program.cs" line-rate="0" branch-rate="0" complexity="2">
          <methods>
            <method name="&lt;Main&gt;$" signature="(System.String[])" line-rate="0" branch-rate="0" complexity="2">
              <lines>
                <line number="3" hits="0" branch="False" />
                <line number="6" hits="0" branch="False" />
                <line number="7" hits="0" branch="False" />
                <line number="8" hits="0" branch="False" />
                <line number="11" hits="0" branch="False" />
                <line number="12" hits="0" branch="False" />
                <line number="13" hits="0" branch="False" />
                <line number="15" hits="0" branch="False" />
                <line number="18" hits="0" branch="True" condition-coverage="0% (0/2)">
                  <conditions>
                    <condition number="100" type="jump" coverage="0%" />
                  </conditions>
                </line>
                <line number="19" hits="0" branch="False" />
                <line number="20" hits="0" branch="False" />
                <line number="21" hits="0" branch="False" />
                <line number="22" hits="0" branch="False" />
                <line number="24" hits="0" branch="False" />
                <line number="25" hits="0" branch="False" />
                <line number="27" hits="0" branch="False" />
              </lines>
            </method>
          </methods>
          <lines>
            <line number="3" hits="0" branch="False" />
            <line number="6" hits="0" branch="False" />
            <line number="7" hits="0" branch="False" />
            <line number="8" hits="0" branch="False" />
            <line number="11" hits="0" branch="False" />
            <line number="12" hits="0" branch="False" />
            <line number="13" hits="0" branch="False" />
            <line number="15" hits="0" branch="False" />
            <line number="18" hits="0" branch="True" condition-coverage="0% (0/2)">
              <conditions>
                <condition number="100" type="jump" coverage="0%" />
              </conditions>
            </line>
            <line number="19" hits="0" branch="False" />
            <line number="20" hits="0" branch="False" />
            <line number="21" hits="0" branch="False" />
            <line number="22" hits="0" branch="False" />
            <line number="24" hits="0" branch="False" />
            <line number="25" hits="0" branch="False" />
            <line number="27" hits="0" branch="False" />
          </lines>
        </class>
        <class name="System.Text.RegularExpressions.Generated.&lt;RegexGenerator_g&gt;F49A5EB2099FD2A2B457CFF5B6B75F9F1C110BF989E64FB68F2A1AB622ED6DA9C__EmailRegex_0" filename="obj\Debug\net8.0\System.Text.RegularExpressions.Generator\System.Text.RegularExpressions.Generator.RegexGenerator\RegexGenerator.g.cs" line-rate="1" branch-rate="1" complexity="2">
          <methods>
            <method name=".ctor" signature="()" line-rate="1" branch-rate="1" complexity="1">
              <lines>
                <line number="50" hits="1" branch="False" />
                <line number="51" hits="1" branch="False" />
                <line number="52" hits="1" branch="False" />
                <line number="53" hits="1" branch="False" />
                <line number="54" hits="1" branch="False" />
                <line number="55" hits="1" branch="False" />
                <line number="56" hits="1" branch="False" />
                <line number="57" hits="1" branch="False" />
                <line number="58" hits="1" branch="False" />
              </lines>
            </method>
            <method name=".cctor" signature="()" line-rate="1" branch-rate="1" complexity="1">
              <lines>
                <line number="47" hits="1" branch="False" />
              </lines>
            </method>
          </methods>
          <lines>
            <line number="50" hits="1" branch="False" />
            <line number="51" hits="1" branch="False" />
            <line number="52" hits="1" branch="False" />
            <line number="53" hits="1" branch="False" />
            <line number="54" hits="1" branch="False" />
            <line number="55" hits="1" branch="False" />
            <line number="56" hits="1" branch="False" />
            <line number="57" hits="1" branch="False" />
            <line number="58" hits="1" branch="False" />
            <line number="47" hits="1" branch="False" />
          </lines>
        </class>
        <class name="System.Text.RegularExpressions.Generated.&lt;RegexGenerator_g&gt;F49A5EB2099FD2A2B457CFF5B6B75F9F1C110BF989E64FB68F2A1AB622ED6DA9C__EmailRegex_0/RunnerFactory" filename="obj\Debug\net8.0\System.Text.RegularExpressions.Generator\System.Text.RegularExpressions.Generator.RegexGenerator\RegexGenerator.g.cs" line-rate="1" branch-rate="1" complexity="1">
          <methods>
            <method name="CreateInstance" signature="()" line-rate="1" branch-rate="1" complexity="1">
              <lines>
                <line number="64" hits="2" branch="False" />
              </lines>
            </method>
          </methods>
          <lines>
            <line number="64" hits="2" branch="False" />
          </lines>
        </class>
        <class name="System.Text.RegularExpressions.Generated.&lt;RegexGenerator_g&gt;F49A5EB2099FD2A2B457CFF5B6B75F9F1C110BF989E64FB68F2A1AB622ED6DA9C__EmailRegex_0/RunnerFactory/Runner" filename="obj\Debug\net8.0\System.Text.RegularExpressions.Generator\System.Text.RegularExpressions.Generator.RegexGenerator\RegexGenerator.g.cs" line-rate="0.8043" branch-rate="0.6904" complexity="42">
          <methods>
            <method name="Scan" signature="(System.ReadOnlySpan`1&lt;System.Char&gt;)" line-rate="1" branch-rate="0.75" complexity="4">
              <lines>
                <line number="72" hits="130" branch="False" />
                <line number="74" hits="130" branch="True" condition-coverage="75% (3/4)">
                  <conditions>
                    <condition number="8" type="jump" coverage="50%" />
                    <condition number="25" type="jump" coverage="100%" />
                  </conditions>
                </line>
                <line number="75" hits="5" branch="False" />
                <line number="76" hits="5" branch="False" />
                <line number="77" hits="5" branch="False" />
                <line number="78" hits="130" branch="False" />
              </lines>
            </method>
            <method name="TryFindNextPossibleStartingPosition" signature="(System.ReadOnlySpan`1&lt;System.Char&gt;)" line-rate="0.7272" branch-rate="0.5" complexity="4">
              <lines>
                <line number="84" hits="130" branch="False" />
                <line number="85" hits="130" branch="False" />
                <line number="88" hits="130" branch="True" condition-coverage="50% (1/2)">
                  <conditions>
                    <condition number="25" type="jump" coverage="50%" />
                  </conditions>
                </line>
                <line number="89" hits="130" branch="False" />
                <line number="91" hits="130" branch="True" condition-coverage="50% (1/2)">
                  <conditions>
                    <condition number="34" type="jump" coverage="50%" />
                  </conditions>
                </line>
                <line number="92" hits="130" branch="False" />
                <line number="93" hits="130" branch="False" />
                <line number="95" hits="0" branch="False" />
                <line number="98" hits="0" branch="False" />
                <line number="99" hits="0" branch="False" />
                <line number="100" hits="130" branch="False" />
              </lines>
            </method>
            <method name="TryMatchAtCurrentPosition" signature="(System.ReadOnlySpan`1&lt;System.Char&gt;)" line-rate="0.8" branch-rate="0.7058" complexity="34">
              <lines>
                <line number="106" hits="130" branch="False" />
                <line number="107" hits="130" branch="False" />
                <line number="108" hits="130" branch="False" />
                <line number="109" hits="260" branch="False" />
                <line number="110" hits="130" branch="False" />
                <line number="113" hits="130" branch="True" condition-coverage="50% (1/2)">
                  <conditions>
                    <condition number="32" type="jump" coverage="50%" />
                  </conditions>
                </line>
                <line number="114" hits="0" branch="False" />
                <line number="115" hits="0" branch="False" />
                <line number="119" hits="130" branch="False" />
                <line number="120" hits="130" branch="False" />
                <line number="121" hits="130" branch="True" condition-coverage="100% (2/2)">
                  <conditions>
                    <condition number="67" type="jump" coverage="100%" />
                  </conditions>
                </line>
                <line number="122" hits="5" branch="False" />
                <line number="123" hits="5" branch="False" />
                <line number="124" hits="5" branch="False" />
                <line number="126" hits="130" branch="True" condition-coverage="50% (1/2)">
                  <conditions>
                    <condition number="89" type="jump" coverage="50%" />
                  </conditions>
                </line>
                <line number="127" hits="0" branch="False" />
                <line number="128" hits="0" branch="False" />
                <line number="131" hits="130" branch="False" />
                <line number="132" hits="130" branch="False" />
                <line number="133" hits="130" branch="False" />
                <line number="136" hits="130" branch="True" condition-coverage="100% (4/4)">
                  <conditions>
                    <condition number="124" type="jump" coverage="100%" />
                    <condition number="149" type="jump" coverage="100%" />
                  </conditions>
                </line>
                <line number="137" hits="5" branch="False" />
                <line number="138" hits="5" branch="False" />
                <line number="143" hits="125" branch="False" />
                <line number="144" hits="125" branch="False" />
                <line number="145" hits="125" branch="False" />
                <line number="147" hits="125" branch="False" />
                <line number="148" hits="125" branch="True" condition-coverage="100% (2/2)">
                  <conditions>
                    <condition number="199" type="jump" coverage="100%" />
                  </conditions>
                </line>
                <line number="149" hits="125" branch="False" />
                <line number="150" hits="125" branch="False" />
                <line number="151" hits="125" branch="False" />
                <line number="153" hits="125" branch="True" condition-coverage="50% (1/2)">
                  <conditions>
                    <condition number="221" type="jump" coverage="50%" />
                  </conditions>
                </line>
                <line number="154" hits="0" branch="False" />
                <line number="155" hits="0" branch="False" />
                <line number="158" hits="125" branch="False" />
                <line number="159" hits="125" branch="False" />
                <line number="161" hits="125" branch="False" />
                <line number="162" hits="125" branch="False" />
                <line number="163" hits="125" branch="False" />
                <line number="165" hits="125" branch="False" />
                <line number="167" hits="125" branch="True" condition-coverage="50% (1/2)">
                  <conditions>
                    <condition number="266" type="jump" coverage="50%" />
                  </conditions>
                </line>
                <line number="168" hits="0" branch="False" />
                <line number="169" hits="0" branch="False" />
                <line number="170" hits="0" branch="False" />
                <line number="172" hits="125" branch="True" condition-coverage="50% (2/4)">
                  <conditions>
                    <condition number="279" type="jump" coverage="50%" />
                    <condition number="311" type="jump" coverage="50%" />
                  </conditions>
                </line>
                <line number="173" hits="125" branch="False" />
                <line number="174" hits="0" branch="False" />
                <line number="175" hits="0" branch="False" />
                <line number="177" hits="125" branch="False" />
                <line number="178" hits="125" branch="False" />
                <line number="179" hits="125" branch="False" />
                <line number="181" hits="250" branch="False" />
                <line number="185" hits="250" branch="True" condition-coverage="100% (4/4)">
                  <conditions>
                    <condition number="346" type="jump" coverage="100%" />
                    <condition number="371" type="jump" coverage="100%" />
                  </conditions>
                </line>
                <line number="186" hits="125" branch="False" />
                <line number="187" hits="125" branch="False" />
                <line number="191" hits="125" branch="False" />
                <line number="192" hits="125" branch="False" />
                <line number="193" hits="125" branch="True" condition-coverage="100% (2/2)">
                  <conditions>
                    <condition number="406" type="jump" coverage="100%" />
                  </conditions>
                </line>
                <line number="194" hits="125" branch="False" />
                <line number="195" hits="125" branch="False" />
                <line number="196" hits="125" branch="False" />
                <line number="198" hits="125" branch="True" condition-coverage="50% (1/2)">
                  <conditions>
                    <condition number="430" type="jump" coverage="50%" />
                  </conditions>
                </line>
                <line number="199" hits="0" branch="False" />
                <line number="200" hits="0" branch="False" />
                <line number="203" hits="125" branch="False" />
                <line number="204" hits="125" branch="False" />
                <line number="205" hits="125" branch="False" />
                <line number="208" hits="125" branch="True" condition-coverage="50% (3/6)">
                  <conditions>
                    <condition number="463" type="jump" coverage="50%" />
                    <condition number="473" type="jump" coverage="50%" />
                    <condition number="501" type="jump" coverage="50%" />
                  </conditions>
                </line>
                <line number="209" hits="0" branch="False" />
                <line number="210" hits="0" branch="False" />
                <line number="214" hits="125" branch="False" />
                <line number="215" hits="125" branch="False" />
                <line number="216" hits="125" branch="False" />
                <line number="217" hits="125" branch="False" />
                <line number="218" hits="130" branch="False" />
              </lines>
            </method>
          </methods>
          <lines>
            <line number="72" hits="130" branch="False" />
            <line number="74" hits="130" branch="True" condition-coverage="75% (3/4)">
              <conditions>
                <condition number="8" type="jump" coverage="50%" />
                <condition number="25" type="jump" coverage="100%" />
              </conditions>
            </line>
            <line number="75" hits="5" branch="False" />
            <line number="76" hits="5" branch="False" />
            <line number="77" hits="5" branch="False" />
            <line number="78" hits="130" branch="False" />
            <line number="84" hits="130" branch="False" />
            <line number="85" hits="130" branch="False" />
            <line number="88" hits="130" branch="True" condition-coverage="50% (1/2)">
              <conditions>
                <condition number="25" type="jump" coverage="50%" />
              </conditions>
            </line>
            <line number="89" hits="130" branch="False" />
            <line number="91" hits="130" branch="True" condition-coverage="50% (1/2)">
              <conditions>
                <condition number="34" type="jump" coverage="50%" />
              </conditions>
            </line>
            <line number="92" hits="130" branch="False" />
            <line number="93" hits="130" branch="False" />
            <line number="95" hits="0" branch="False" />
            <line number="98" hits="0" branch="False" />
            <line number="99" hits="0" branch="False" />
            <line number="100" hits="130" branch="False" />
            <line number="106" hits="130" branch="False" />
            <line number="107" hits="130" branch="False" />
            <line number="108" hits="130" branch="False" />
            <line number="109" hits="260" branch="False" />
            <line number="110" hits="130" branch="False" />
            <line number="113" hits="130" branch="True" condition-coverage="50% (1/2)">
              <conditions>
                <condition number="32" type="jump" coverage="50%" />
              </conditions>
            </line>
            <line number="114" hits="0" branch="False" />
            <line number="115" hits="0" branch="False" />
            <line number="119" hits="130" branch="False" />
            <line number="120" hits="130" branch="False" />
            <line number="121" hits="130" branch="True" condition-coverage="100% (2/2)">
              <conditions>
                <condition number="67" type="jump" coverage="100%" />
              </conditions>
            </line>
            <line number="122" hits="5" branch="False" />
            <line number="123" hits="5" branch="False" />
            <line number="124" hits="5" branch="False" />
            <line number="126" hits="130" branch="True" condition-coverage="50% (1/2)">
              <conditions>
                <condition number="89" type="jump" coverage="50%" />
              </conditions>
            </line>
            <line number="127" hits="0" branch="False" />
            <line number="128" hits="0" branch="False" />
            <line number="131" hits="130" branch="False" />
            <line number="132" hits="130" branch="False" />
            <line number="133" hits="130" branch="False" />
            <line number="136" hits="130" branch="True" condition-coverage="100% (4/4)">
              <conditions>
                <condition number="124" type="jump" coverage="100%" />
                <condition number="149" type="jump" coverage="100%" />
              </conditions>
            </line>
            <line number="137" hits="5" branch="False" />
            <line number="138" hits="5" branch="False" />
            <line number="143" hits="125" branch="False" />
            <line number="144" hits="125" branch="False" />
            <line number="145" hits="125" branch="False" />
            <line number="147" hits="125" branch="False" />
            <line number="148" hits="125" branch="True" condition-coverage="100% (2/2)">
              <conditions>
                <condition number="199" type="jump" coverage="100%" />
              </conditions>
            </line>
            <line number="149" hits="125" branch="False" />
            <line number="150" hits="125" branch="False" />
            <line number="151" hits="125" branch="False" />
            <line number="153" hits="125" branch="True" condition-coverage="50% (1/2)">
              <conditions>
                <condition number="221" type="jump" coverage="50%" />
              </conditions>
            </line>
            <line number="154" hits="0" branch="False" />
            <line number="155" hits="0" branch="False" />
            <line number="158" hits="125" branch="False" />
            <line number="159" hits="125" branch="False" />
            <line number="161" hits="125" branch="False" />
            <line number="162" hits="125" branch="False" />
            <line number="163" hits="125" branch="False" />
            <line number="165" hits="125" branch="False" />
            <line number="167" hits="125" branch="True" condition-coverage="50% (1/2)">
              <conditions>
                <condition number="266" type="jump" coverage="50%" />
              </conditions>
            </line>
            <line number="168" hits="0" branch="False" />
            <line number="169" hits="0" branch="False" />
            <line number="170" hits="0" branch="False" />
            <line number="172" hits="125" branch="True" condition-coverage="50% (2/4)">
              <conditions>
                <condition number="279" type="jump" coverage="50%" />
                <condition number="311" type="jump" coverage="50%" />
              </conditions>
            </line>
            <line number="173" hits="125" branch="False" />
            <line number="174" hits="0" branch="False" />
            <line number="175" hits="0" branch="False" />
            <line number="177" hits="125" branch="False" />
            <line number="178" hits="125" branch="False" />
            <line number="179" hits="125" branch="False" />
            <line number="181" hits="250" branch="False" />
            <line number="185" hits="250" branch="True" condition-coverage="100% (4/4)">
              <conditions>
                <condition number="346" type="jump" coverage="100%" />
                <condition number="371" type="jump" coverage="100%" />
              </conditions>
            </line>
            <line number="186" hits="125" branch="False" />
            <line number="187" hits="125" branch="False" />
            <line number="191" hits="125" branch="False" />
            <line number="192" hits="125" branch="False" />
            <line number="193" hits="125" branch="True" condition-coverage="100% (2/2)">
              <conditions>
                <condition number="406" type="jump" coverage="100%" />
              </conditions>
            </line>
            <line number="194" hits="125" branch="False" />
            <line number="195" hits="125" branch="False" />
            <line number="196" hits="125" branch="False" />
            <line number="198" hits="125" branch="True" condition-coverage="50% (1/2)">
              <conditions>
                <condition number="430" type="jump" coverage="50%" />
              </conditions>
            </line>
            <line number="199" hits="0" branch="False" />
            <line number="200" hits="0" branch="False" />
            <line number="203" hits="125" branch="False" />
            <line number="204" hits="125" branch="False" />
            <line number="205" hits="125" branch="False" />
            <line number="208" hits="125" branch="True" condition-coverage="50% (3/6)">
              <conditions>
                <condition number="463" type="jump" coverage="50%" />
                <condition number="473" type="jump" coverage="50%" />
                <condition number="501" type="jump" coverage="50%" />
              </conditions>
            </line>
            <line number="209" hits="0" branch="False" />
            <line number="210" hits="0" branch="False" />
            <line number="214" hits="125" branch="False" />
            <line number="215" hits="125" branch="False" />
            <line number="216" hits="125" branch="False" />
            <line number="217" hits="125" branch="False" />
            <line number="218" hits="130" branch="False" />
          </lines>
        </class>
        <class name="System.Text.RegularExpressions.Generated.&lt;RegexGenerator_g&gt;F49A5EB2099FD2A2B457CFF5B6B75F9F1C110BF989E64FB68F2A1AB622ED6DA9C__Utilities" filename="obj\Debug\net8.0\System.Text.RegularExpressions.Generator\System.Text.RegularExpressions.Generator.RegexGenerator\RegexGenerator.g.cs" line-rate="1" branch-rate="0.5" complexity="2">
          <methods>
            <method name=".cctor" signature="()" line-rate="1" branch-rate="0.5" complexity="2">
              <lines>
                <line number="229" hits="1" branch="True" condition-coverage="50% (1/2)">
                  <conditions>
                    <condition number="17" type="jump" coverage="50%" />
                  </conditions>
                </line>
                <line number="232" hits="1" branch="False" />
                <line number="235" hits="1" branch="False" />
                <line number="238" hits="1" branch="False" />
                <line number="241" hits="1" branch="False" />
              </lines>
            </method>
          </methods>
          <lines>
            <line number="229" hits="1" branch="True" condition-coverage="50% (1/2)">
              <conditions>
                <condition number="17" type="jump" coverage="50%" />
              </conditions>
            </line>
            <line number="232" hits="1" branch="False" />
            <line number="235" hits="1" branch="False" />
            <line number="238" hits="1" branch="False" />
            <line number="241" hits="1" branch="False" />
          </lines>
        </class>
        <class name="TicketingApi.Validation.TicketValidator" filename="obj\Debug\net8.0\System.Text.RegularExpressions.Generator\System.Text.RegularExpressions.Generator.RegexGenerator\RegexGenerator.g.cs" line-rate="1" branch-rate="1" complexity="1">
          <methods>
            <method name="EmailRegex" signature="()" line-rate="1" branch-rate="1" complexity="1">
              <lines>
                <line number="26" hits="130" branch="False" />
              </lines>
            </method>
          </methods>
          <lines>
            <line number="26" hits="130" branch="False" />
          </lines>
        </class>
        <class name="TicketingApi.Validation.TicketValidator" filename="Validation\TicketValidator.cs" line-rate="0.9333" branch-rate="0.8214" complexity="28">
          <methods>
            <method name="ValidateCreateRequest" signature="(System.String,System.String,System.String,System.String)" line-rate="1" branch-rate="1" complexity="16">
              <lines>
                <line number="16" hits="134" branch="False" />
                <line number="17" hits="134" branch="False" />
                <line number="19" hits="134" branch="True" condition-coverage="100% (2/2)">
                  <conditions>
                    <condition number="15" type="jump" coverage="100%" />
                  </conditions>
                </line>
                <line number="20" hits="7" branch="False" />
                <line number="21" hits="127" branch="True" condition-coverage="100% (2/2)">
                  <conditions>
                    <condition number="65" type="jump" coverage="100%" />
                  </conditions>
                </line>
                <line number="22" hits="1" branch="False" />
                <line number="24" hits="134" branch="True" condition-coverage="100% (2/2)">
                  <conditions>
                    <condition number="106" type="jump" coverage="100%" />
                  </conditions>
                </line>
                <line number="25" hits="4" branch="False" />
                <line number="26" hits="130" branch="True" condition-coverage="100% (2/2)">
                  <conditions>
                    <condition number="158" type="jump" coverage="100%" />
                  </conditions>
                </line>
                <line number="27" hits="1" branch="False" />
                <line number="29" hits="134" branch="True" condition-coverage="100% (2/2)">
                  <conditions>
                    <condition number="201" type="jump" coverage="100%" />
                  </conditions>
                </line>
                <line number="30" hits="4" branch="False" />
                <line number="31" hits="130" branch="True" condition-coverage="100% (2/2)">
                  <conditions>
                    <condition number="250" type="jump" coverage="100%" />
                  </conditions>
                </line>
                <line number="32" hits="1" branch="False" />
                <line number="34" hits="134" branch="True" condition-coverage="100% (2/2)">
                  <conditions>
                    <condition number="293" type="jump" coverage="100%" />
                  </conditions>
                </line>
                <line number="35" hits="4" branch="False" />
                <line number="36" hits="130" branch="True" condition-coverage="100% (2/2)">
                  <conditions>
                    <condition number="346" type="jump" coverage="100%" />
                  </conditions>
                </line>
                <line number="37" hits="5" branch="False" />
                <line number="39" hits="134" branch="False" />
                <line number="40" hits="134" branch="False" />
              </lines>
            </method>
            <method name="ValidateUpdateRequest" signature="(System.String,System.String,System.String)" line-rate="0.8" branch-rate="0.5832999999999999" complexity="12">
              <lines>
                <line number="46" hits="3" branch="False" />
                <line number="47" hits="3" branch="False" />
                <line number="49" hits="3" branch="True" condition-coverage="75% (3/4)">
                  <conditions>
                    <condition number="8" type="jump" coverage="50%" />
                    <condition number="28" type="jump" coverage="100%" />
                  </conditions>
                </line>
                <line number="50" hits="1" branch="False" />
                <line number="52" hits="3" branch="True" condition-coverage="50% (2/4)">
                  <conditions>
                    <condition number="62" type="jump" coverage="50%" />
                    <condition number="82" type="jump" coverage="50%" />
                  </conditions>
                </line>
                <line number="53" hits="0" branch="False" />
                <line number="55" hits="3" branch="True" condition-coverage="50% (2/4)">
                  <conditions>
                    <condition number="116" type="jump" coverage="50%" />
                    <condition number="133" type="jump" coverage="50%" />
                  </conditions>
                </line>
                <line number="56" hits="0" branch="False" />
                <line number="58" hits="3" branch="False" />
                <line number="59" hits="3" branch="False" />
              </lines>
            </method>
          </methods>
          <lines>
            <line number="16" hits="134" branch="False" />
            <line number="17" hits="134" branch="False" />
            <line number="19" hits="134" branch="True" condition-coverage="100% (2/2)">
              <conditions>
                <condition number="15" type="jump" coverage="100%" />
              </conditions>
            </line>
            <line number="20" hits="7" branch="False" />
            <line number="21" hits="127" branch="True" condition-coverage="100% (2/2)">
              <conditions>
                <condition number="65" type="jump" coverage="100%" />
              </conditions>
            </line>
            <line number="22" hits="1" branch="False" />
            <line number="24" hits="134" branch="True" condition-coverage="100% (2/2)">
              <conditions>
                <condition number="106" type="jump" coverage="100%" />
              </conditions>
            </line>
            <line number="25" hits="4" branch="False" />
            <line number="26" hits="130" branch="True" condition-coverage="100% (2/2)">
              <conditions>
                <condition number="158" type="jump" coverage="100%" />
              </conditions>
            </line>
            <line number="27" hits="1" branch="False" />
            <line number="29" hits="134" branch="True" condition-coverage="100% (2/2)">
              <conditions>
                <condition number="201" type="jump" coverage="100%" />
              </conditions>
            </line>
            <line number="30" hits="4" branch="False" />
            <line number="31" hits="130" branch="True" condition-coverage="100% (2/2)">
              <conditions>
                <condition number="250" type="jump" coverage="100%" />
              </conditions>
            </line>
            <line number="32" hits="1" branch="False" />
            <line number="34" hits="134" branch="True" condition-coverage="100% (2/2)">
              <conditions>
                <condition number="293" type="jump" coverage="100%" />
              </conditions>
            </line>
            <line number="35" hits="4" branch="False" />
            <line number="36" hits="130" branch="True" condition-coverage="100% (2/2)">
              <conditions>
                <condition number="346" type="jump" coverage="100%" />
              </conditions>
            </line>
            <line number="37" hits="5" branch="False" />
            <line number="39" hits="134" branch="False" />
            <line number="40" hits="134" branch="False" />
            <line number="46" hits="3" branch="False" />
            <line number="47" hits="3" branch="False" />
            <line number="49" hits="3" branch="True" condition-coverage="75% (3/4)">
              <conditions>
                <condition number="8" type="jump" coverage="50%" />
                <condition number="28" type="jump" coverage="100%" />
              </conditions>
            </line>
            <line number="50" hits="1" branch="False" />
            <line number="52" hits="3" branch="True" condition-coverage="50% (2/4)">
              <conditions>
                <condition number="62" type="jump" coverage="50%" />
                <condition number="82" type="jump" coverage="50%" />
              </conditions>
            </line>
            <line number="53" hits="0" branch="False" />
            <line number="55" hits="3" branch="True" condition-coverage="50% (2/4)">
              <conditions>
                <condition number="116" type="jump" coverage="50%" />
                <condition number="133" type="jump" coverage="50%" />
              </conditions>
            </line>
            <line number="56" hits="0" branch="False" />
            <line number="58" hits="3" branch="False" />
            <line number="59" hits="3" branch="False" />
          </lines>
        </class>
        <class name="TicketingApi.Services.ClassificationService" filename="Services\ClassificationService.cs" line-rate="1" branch-rate="1" complexity="15">
          <methods>
            <method name="ClassifyTicketAsync" signature="(System.String,System.String)" line-rate="1" branch-rate="1" complexity="12">
              <lines>
                <line number="47" hits="1014" branch="False" />
                <line number="48" hits="1014" branch="False" />
                <line number="50" hits="1014" branch="False" />
                <line number="51" hits="1014" branch="False" />
                <line number="53" hits="39546" branch="True" condition-coverage="100% (2/2)">
                  <conditions>
                    <condition number="128" type="jump" coverage="100%" />
                  </conditions>
                </line>
                <line number="54" hits="18252" branch="False" />
                <line number="55" hits="18252" branch="False" />
                <line number="56" hits="18252" branch="True" condition-coverage="100% (2/2)">
                  <conditions>
                    <condition number="95" type="jump" coverage="100%" />
                  </conditions>
                </line>
                <line number="57" hits="3032" branch="False" />
                <line number="58" hits="3032" branch="False" />
                <line number="59" hits="3032" branch="False" />
                <line number="60" hits="18252" branch="False" />
                <line number="62" hits="29406" branch="True" condition-coverage="100% (2/2)">
                  <conditions>
                    <condition number="244" type="jump" coverage="100%" />
                  </conditions>
                </line>
                <line number="63" hits="13182" branch="False" />
                <line number="64" hits="13182" branch="False" />
                <line number="65" hits="13182" branch="True" condition-coverage="100% (2/2)">
                  <conditions>
                    <condition number="211" type="jump" coverage="100%" />
                  </conditions>
                </line>
                <line number="66" hits="2022" branch="False" />
                <line number="67" hits="2022" branch="False" />
                <line number="68" hits="2022" branch="False" />
                <line number="69" hits="13182" branch="False" />
                <line number="71" hits="1014" branch="True" condition-coverage="100% (2/2)">
                  <conditions>
                    <condition number="269" type="jump" coverage="100%" />
                  </conditions>
                </line>
                <line number="72" hits="2014" branch="False" />
                <line number="73" hits="1014" branch="False" />
                <line number="75" hits="1014" branch="True" condition-coverage="100% (2/2)">
                  <conditions>
                    <condition number="332" type="jump" coverage="100%" />
                  </conditions>
                </line>
                <line number="76" hits="1011" branch="False" />
                <line number="77" hits="1014" branch="False" />
                <line number="79" hits="1014" branch="False" />
                <line number="80" hits="1014" branch="False" />
                <line number="82" hits="1014" branch="False" />
                <line number="83" hits="1014" branch="False" />
                <line number="84" hits="1014" branch="False" />
                <line number="85" hits="1014" branch="False" />
                <line number="86" hits="1014" branch="False" />
                <line number="88" hits="1014" branch="False" />
                <line number="89" hits="1014" branch="False" />
              </lines>
            </method>
            <method name="CountOccurrences" signature="(System.String,System.String)" line-rate="1" branch-rate="1" complexity="2">
              <lines>
                <line number="92" hits="31434" branch="False" />
                <line number="93" hits="31434" branch="False" />
                <line number="94" hits="31434" branch="False" />
                <line number="95" hits="36648" branch="True" condition-coverage="100% (2/2)">
                  <conditions>
                    <condition number="41" type="jump" coverage="100%" />
                  </conditions>
                </line>
                <line number="96" hits="5214" branch="False" />
                <line number="97" hits="5214" branch="False" />
                <line number="98" hits="5214" branch="False" />
                <line number="99" hits="5214" branch="False" />
                <line number="100" hits="31434" branch="False" />
                <line number="101" hits="31434" branch="False" />
              </lines>
            </method>
            <method name=".cctor" signature="()" line-rate="1" branch-rate="1" complexity="1">
              <lines>
                <line number="7" hits="1" branch="False" />
                <line number="8" hits="1" branch="False" />
                <line number="9" hits="1" branch="False" />
                <line number="10" hits="1" branch="False" />
                <line number="11" hits="1" branch="False" />
                <line number="12" hits="1" branch="False" />
                <line number="13" hits="1" branch="False" />
                <line number="14" hits="1" branch="False" />
                <line number="15" hits="1" branch="False" />
                <line number="16" hits="1" branch="False" />
                <line number="17" hits="1" branch="False" />
                <line number="18" hits="1" branch="False" />
                <line number="19" hits="1" branch="False" />
                <line number="20" hits="1" branch="False" />
                <line number="21" hits="1" branch="False" />
                <line number="22" hits="1" branch="False" />
                <line number="23" hits="1" branch="False" />
                <line number="24" hits="1" branch="False" />
                <line number="25" hits="1" branch="False" />
                <line number="26" hits="1" branch="False" />
                <line number="27" hits="1" branch="False" />
                <line number="29" hits="1" branch="False" />
                <line number="30" hits="1" branch="False" />
                <line number="31" hits="1" branch="False" />
                <line number="32" hits="1" branch="False" />
                <line number="33" hits="1" branch="False" />
                <line number="34" hits="1" branch="False" />
                <line number="35" hits="1" branch="False" />
                <line number="36" hits="1" branch="False" />
                <line number="37" hits="1" branch="False" />
                <line number="38" hits="1" branch="False" />
                <line number="39" hits="1" branch="False" />
                <line number="40" hits="1" branch="False" />
                <line number="41" hits="1" branch="False" />
                <line number="42" hits="1" branch="False" />
                <line number="43" hits="1" branch="False" />
                <line number="44" hits="1" branch="False" />
              </lines>
            </method>
          </methods>
          <lines>
            <line number="47" hits="1014" branch="False" />
            <line number="48" hits="1014" branch="False" />
            <line number="50" hits="1014" branch="False" />
            <line number="51" hits="1014" branch="False" />
            <line number="53" hits="39546" branch="True" condition-coverage="100% (2/2)">
              <conditions>
                <condition number="128" type="jump" coverage="100%" />
              </conditions>
            </line>
            <line number="54" hits="18252" branch="False" />
            <line number="55" hits="18252" branch="False" />
            <line number="56" hits="18252" branch="True" condition-coverage="100% (2/2)">
              <conditions>
                <condition number="95" type="jump" coverage="100%" />
              </conditions>
            </line>
            <line number="57" hits="3032" branch="False" />
            <line number="58" hits="3032" branch="False" />
            <line number="59" hits="3032" branch="False" />
            <line number="60" hits="18252" branch="False" />
            <line number="62" hits="29406" branch="True" condition-coverage="100% (2/2)">
              <conditions>
                <condition number="244" type="jump" coverage="100%" />
              </conditions>
            </line>
            <line number="63" hits="13182" branch="False" />
            <line number="64" hits="13182" branch="False" />
            <line number="65" hits="13182" branch="True" condition-coverage="100% (2/2)">
              <conditions>
                <condition number="211" type="jump" coverage="100%" />
              </conditions>
            </line>
            <line number="66" hits="2022" branch="False" />
            <line number="67" hits="2022" branch="False" />
            <line number="68" hits="2022" branch="False" />
            <line number="69" hits="13182" branch="False" />
            <line number="71" hits="1014" branch="True" condition-coverage="100% (2/2)">
              <conditions>
                <condition number="269" type="jump" coverage="100%" />
              </conditions>
            </line>
            <line number="72" hits="2014" branch="False" />
            <line number="73" hits="1014" branch="False" />
            <line number="75" hits="1014" branch="True" condition-coverage="100% (2/2)">
              <conditions>
                <condition number="332" type="jump" coverage="100%" />
              </conditions>
            </line>
            <line number="76" hits="1011" branch="False" />
            <line number="77" hits="1014" branch="False" />
            <line number="79" hits="1014" branch="False" />
            <line number="80" hits="1014" branch="False" />
            <line number="82" hits="1014" branch="False" />
            <line number="83" hits="1014" branch="False" />
            <line number="84" hits="1014" branch="False" />
            <line number="85" hits="1014" branch="False" />
            <line number="86" hits="1014" branch="False" />
            <line number="88" hits="1014" branch="False" />
            <line number="89" hits="1014" branch="False" />
            <line number="92" hits="31434" branch="False" />
            <line number="93" hits="31434" branch="False" />
            <line number="94" hits="31434" branch="False" />
            <line number="95" hits="36648" branch="True" condition-coverage="100% (2/2)">
              <conditions>
                <condition number="41" type="jump" coverage="100%" />
              </conditions>
            </line>
            <line number="96" hits="5214" branch="False" />
            <line number="97" hits="5214" branch="False" />
            <line number="98" hits="5214" branch="False" />
            <line number="99" hits="5214" branch="False" />
            <line number="100" hits="31434" branch="False" />
            <line number="101" hits="31434" branch="False" />
            <line number="7" hits="1" branch="False" />
            <line number="8" hits="1" branch="False" />
            <line number="9" hits="1" branch="False" />
            <line number="10" hits="1" branch="False" />
            <line number="11" hits="1" branch="False" />
            <line number="12" hits="1" branch="False" />
            <line number="13" hits="1" branch="False" />
            <line number="14" hits="1" branch="False" />
            <line number="15" hits="1" branch="False" />
            <line number="16" hits="1" branch="False" />
            <line number="17" hits="1" branch="False" />
            <line number="18" hits="1" branch="False" />
            <line number="19" hits="1" branch="False" />
            <line number="20" hits="1" branch="False" />
            <line number="21" hits="1" branch="False" />
            <line number="22" hits="1" branch="False" />
            <line number="23" hits="1" branch="False" />
            <line number="24" hits="1" branch="False" />
            <line number="25" hits="1" branch="False" />
            <line number="26" hits="1" branch="False" />
            <line number="27" hits="1" branch="False" />
            <line number="29" hits="1" branch="False" />
            <line number="30" hits="1" branch="False" />
            <line number="31" hits="1" branch="False" />
            <line number="32" hits="1" branch="False" />
            <line number="33" hits="1" branch="False" />
            <line number="34" hits="1" branch="False" />
            <line number="35" hits="1" branch="False" />
            <line number="36" hits="1" branch="False" />
            <line number="37" hits="1" branch="False" />
            <line number="38" hits="1" branch="False" />
            <line number="39" hits="1" branch="False" />
            <line number="40" hits="1" branch="False" />
            <line number="41" hits="1" branch="False" />
            <line number="42" hits="1" branch="False" />
            <line number="43" hits="1" branch="False" />
            <line number="44" hits="1" branch="False" />
          </lines>
        </class>
        <class name="TicketingApi.Services.ImportService" filename="Services\ImportService.cs" line-rate="1" branch-rate="1" complexity="1">
          <methods>
            <method name=".ctor" signature="(TicketingApi.Services.ITicketService)" line-rate="1" branch-rate="1" complexity="1">
              <lines>
                <line number="15" hits="21" branch="False" />
                <line number="16" hits="21" branch="False" />
                <line number="17" hits="21" branch="False" />
                <line number="18" hits="21" branch="False" />
              </lines>
            </method>
          </methods>
          <lines>
            <line number="15" hits="21" branch="False" />
            <line number="16" hits="21" branch="False" />
            <line number="17" hits="21" branch="False" />
            <line number="18" hits="21" branch="False" />
          </lines>
        </class>
        <class name="TicketingApi.Services.ImportService/&lt;ImportFromCsvAsync&gt;d__2" filename="Services\ImportService.cs" line-rate="0.8595999999999999" branch-rate="0.9473" complexity="38">
          <methods>
            <method name="MoveNext" signature="()" line-rate="0.8595999999999999" branch-rate="0.9473" complexity="38">
              <lines>
                <line number="21" hits="9" branch="False" />
                <line number="22" hits="9" branch="False" />
                <line number="23" hits="9" branch="False" />
                <line number="24" hits="9" branch="False" />
                <line number="27" hits="9" branch="False" />
                <line number="28" hits="9" branch="False" />
                <line number="29" hits="9" branch="False" />
                <line number="30" hits="9" branch="False" />
                <line number="31" hits="9" branch="False" />
                <line number="32" hits="9" branch="False" />
                <line number="33" hits="9" branch="False" />
                <line number="34" hits="9" branch="False" />
                <line number="36" hits="9" branch="False" />
                <line number="38" hits="9" branch="False" />
                <line number="39" hits="9" branch="False" />
                <line number="41" hits="9" branch="False" />
                <line number="42" hits="125" branch="True" condition-coverage="100% (2/2)">
                  <conditions>
                    <condition number="1367" type="jump" coverage="100%" />
                  </conditions>
                </line>
                <line number="43" hits="116" branch="False" />
                <line number="44" hits="116" branch="False" />
                <line number="45" hits="116" branch="False" />
                <line number="48" hits="116" branch="False" />
                <line number="49" hits="116" branch="True" condition-coverage="100% (4/4)">
                  <conditions>
                    <condition number="368" type="jump" coverage="100%" />
                    <condition number="380" type="jump" coverage="100%" />
                  </conditions>
                </line>
                <line number="50" hits="116" branch="True" condition-coverage="100% (4/4)">
                  <conditions>
                    <condition number="411" type="jump" coverage="100%" />
                    <condition number="423" type="jump" coverage="100%" />
                  </conditions>
                </line>
                <line number="51" hits="116" branch="True" condition-coverage="100% (4/4)">
                  <conditions>
                    <condition number="454" type="jump" coverage="100%" />
                    <condition number="466" type="jump" coverage="100%" />
                  </conditions>
                </line>
                <line number="52" hits="116" branch="True" condition-coverage="100% (4/4)">
                  <conditions>
                    <condition number="497" type="jump" coverage="100%" />
                    <condition number="509" type="jump" coverage="100%" />
                  </conditions>
                </line>
                <line number="53" hits="116" branch="True" condition-coverage="100% (2/2)">
                  <conditions>
                    <condition number="540" type="jump" coverage="100%" />
                  </conditions>
                </line>
                <line number="54" hits="116" branch="True" condition-coverage="100% (2/2)">
                  <conditions>
                    <condition number="574" type="jump" coverage="100%" />
                  </conditions>
                </line>
                <line number="56" hits="116" branch="False" />
                <line number="57" hits="116" branch="True" condition-coverage="100% (2/2)">
                  <conditions>
                    <condition number="640" type="jump" coverage="100%" />
                  </conditions>
                </line>
                <line number="58" hits="6" branch="False" />
                <line number="59" hits="48" branch="True" condition-coverage="100% (2/2)">
                  <conditions>
                    <condition number="771" type="jump" coverage="100%" />
                  </conditions>
                </line>
                <line number="60" hits="15" branch="False" />
                <line number="61" hits="15" branch="True" condition-coverage="50% (2/4)">
                  <conditions>
                    <condition number="713" type="jump" coverage="50%" />
                    <condition number="733" type="jump" coverage="50%" />
                  </conditions>
                </line>
                <line number="62" hits="15" branch="False" />
                <line number="63" hits="6" branch="False" />
                <line number="66" hits="110" branch="False" />
                <line number="67" hits="110" branch="True" condition-coverage="100% (4/4)">
                  <conditions>
                    <condition number="838" type="jump" coverage="100%" />
                    <condition number="865" type="jump" coverage="100%" />
                  </conditions>
                </line>
                <line number="68" hits="4" branch="False" />
                <line number="70" hits="110" branch="False" />
                <line number="71" hits="110" branch="True" condition-coverage="100% (4/4)">
                  <conditions>
                    <condition number="907" type="jump" coverage="100%" />
                    <condition number="934" type="jump" coverage="100%" />
                  </conditions>
                </line>
                <line number="72" hits="4" branch="False" />
                <line number="74" hits="110" branch="False" />
                <line number="75" hits="110" branch="False" />
                <line number="76" hits="110" branch="False" />
                <line number="77" hits="110" branch="False" />
                <line number="78" hits="0" branch="False" />
                <line number="79" hits="0" branch="False" />
                <line number="80" hits="0" branch="False" />
                <line number="81" hits="0" branch="False" />
                <line number="82" hits="110" branch="False" />
                <line number="83" hits="9" branch="False" />
                <line number="84" hits="0" branch="False" />
                <line number="85" hits="0" branch="False" />
                <line number="86" hits="0" branch="False" />
                <line number="87" hits="0" branch="False" />
                <line number="89" hits="9" branch="False" />
                <line number="90" hits="9" branch="False" />
              </lines>
            </method>
          </methods>
          <lines>
            <line number="21" hits="9" branch="False" />
            <line number="22" hits="9" branch="False" />
            <line number="23" hits="9" branch="False" />
            <line number="24" hits="9" branch="False" />
            <line number="27" hits="9" branch="False" />
            <line number="28" hits="9" branch="False" />
            <line number="29" hits="9" branch="False" />
            <line number="30" hits="9" branch="False" />
            <line number="31" hits="9" branch="False" />
            <line number="32" hits="9" branch="False" />
            <line number="33" hits="9" branch="False" />
            <line number="34" hits="9" branch="False" />
            <line number="36" hits="9" branch="False" />
            <line number="38" hits="9" branch="False" />
            <line number="39" hits="9" branch="False" />
            <line number="41" hits="9" branch="False" />
            <line number="42" hits="125" branch="True" condition-coverage="100% (2/2)">
              <conditions>
                <condition number="1367" type="jump" coverage="100%" />
              </conditions>
            </line>
            <line number="43" hits="116" branch="False" />
            <line number="44" hits="116" branch="False" />
            <line number="45" hits="116" branch="False" />
            <line number="48" hits="116" branch="False" />
            <line number="49" hits="116" branch="True" condition-coverage="100% (4/4)">
              <conditions>
                <condition number="368" type="jump" coverage="100%" />
                <condition number="380" type="jump" coverage="100%" />
              </conditions>
            </line>
            <line number="50" hits="116" branch="True" condition-coverage="100% (4/4)">
              <conditions>
                <condition number="411" type="jump" coverage="100%" />
                <condition number="423" type="jump" coverage="100%" />
              </conditions>
            </line>
            <line number="51" hits="116" branch="True" condition-coverage="100% (4/4)">
              <conditions>
                <condition number="454" type="jump" coverage="100%" />
                <condition number="466" type="jump" coverage="100%" />
              </conditions>
            </line>
            <line number="52" hits="116" branch="True" condition-coverage="100% (4/4)">
              <conditions>
                <condition number="497" type="jump" coverage="100%" />
                <condition number="509" type="jump" coverage="100%" />
              </conditions>
            </line>
            <line number="53" hits="116" branch="True" condition-coverage="100% (2/2)">
              <conditions>
                <condition number="540" type="jump" coverage="100%" />
              </conditions>
            </line>
            <line number="54" hits="116" branch="True" condition-coverage="100% (2/2)">
              <conditions>
                <condition number="574" type="jump" coverage="100%" />
              </conditions>
            </line>
            <line number="56" hits="116" branch="False" />
            <line number="57" hits="116" branch="True" condition-coverage="100% (2/2)">
              <conditions>
                <condition number="640" type="jump" coverage="100%" />
              </conditions>
            </line>
            <line number="58" hits="6" branch="False" />
            <line number="59" hits="48" branch="True" condition-coverage="100% (2/2)">
              <conditions>
                <condition number="771" type="jump" coverage="100%" />
              </conditions>
            </line>
            <line number="60" hits="15" branch="False" />
            <line number="61" hits="15" branch="True" condition-coverage="50% (2/4)">
              <conditions>
                <condition number="713" type="jump" coverage="50%" />
                <condition number="733" type="jump" coverage="50%" />
              </conditions>
            </line>
            <line number="62" hits="15" branch="False" />
            <line number="63" hits="6" branch="False" />
            <line number="66" hits="110" branch="False" />
            <line number="67" hits="110" branch="True" condition-coverage="100% (4/4)">
              <conditions>
                <condition number="838" type="jump" coverage="100%" />
                <condition number="865" type="jump" coverage="100%" />
              </conditions>
            </line>
            <line number="68" hits="4" branch="False" />
            <line number="70" hits="110" branch="False" />
            <line number="71" hits="110" branch="True" condition-coverage="100% (4/4)">
              <conditions>
                <condition number="907" type="jump" coverage="100%" />
                <condition number="934" type="jump" coverage="100%" />
              </conditions>
            </line>
            <line number="72" hits="4" branch="False" />
            <line number="74" hits="110" branch="False" />
            <line number="75" hits="110" branch="False" />
            <line number="76" hits="110" branch="False" />
            <line number="77" hits="110" branch="False" />
            <line number="78" hits="0" branch="False" />
            <line number="79" hits="0" branch="False" />
            <line number="80" hits="0" branch="False" />
            <line number="81" hits="0" branch="False" />
            <line number="82" hits="110" branch="False" />
            <line number="83" hits="9" branch="False" />
            <line number="84" hits="0" branch="False" />
            <line number="85" hits="0" branch="False" />
            <line number="86" hits="0" branch="False" />
            <line number="87" hits="0" branch="False" />
            <line number="89" hits="9" branch="False" />
            <line number="90" hits="9" branch="False" />
          </lines>
        </class>
        <class name="TicketingApi.Services.ImportService/&lt;ImportFromJsonAsync&gt;d__3" filename="Services\ImportService.cs" line-rate="0.9322" branch-rate="0.6923" complexity="52">
          <methods>
            <method name="MoveNext" signature="()" line-rate="0.9322" branch-rate="0.6923" complexity="52">
              <lines>
                <line number="93" hits="5" branch="False" />
                <line number="94" hits="5" branch="False" />
                <line number="95" hits="5" branch="False" />
                <line number="96" hits="5" branch="False" />
                <line number="99" hits="5" branch="False" />
                <line number="100" hits="5" branch="False" />
                <line number="102" hits="4" branch="True" condition-coverage="100% (2/2)">
                  <conditions>
                    <condition number="236" type="jump" coverage="100%" />
                  </conditions>
                </line>
                <line number="103" hits="1" branch="False" />
                <line number="104" hits="1" branch="False" />
                <line number="105" hits="1" branch="False" />
                <line number="108" hits="3" branch="False" />
                <line number="109" hits="3" branch="False" />
                <line number="111" hits="17" branch="True" condition-coverage="100% (2/2)">
                  <conditions>
                    <condition number="1581" type="jump" coverage="100%" />
                  </conditions>
                </line>
                <line number="112" hits="4" branch="False" />
                <line number="113" hits="4" branch="False" />
                <line number="114" hits="4" branch="False" />
                <line number="117" hits="4" branch="False" />
                <line number="118" hits="4" branch="True" condition-coverage="50% (3/6)">
                  <conditions>
                    <condition number="442" type="jump" coverage="50%" />
                    <condition number="463" type="jump" coverage="50%" />
                    <condition number="475" type="jump" coverage="50%" />
                  </conditions>
                </line>
                <line number="119" hits="4" branch="True" condition-coverage="50% (3/6)">
                  <conditions>
                    <condition number="511" type="jump" coverage="50%" />
                    <condition number="532" type="jump" coverage="50%" />
                    <condition number="544" type="jump" coverage="50%" />
                  </conditions>
                </line>
                <line number="120" hits="4" branch="True" condition-coverage="50% (3/6)">
                  <conditions>
                    <condition number="580" type="jump" coverage="50%" />
                    <condition number="601" type="jump" coverage="50%" />
                    <condition number="613" type="jump" coverage="50%" />
                  </conditions>
                </line>
                <line number="121" hits="4" branch="True" condition-coverage="50% (3/6)">
                  <conditions>
                    <condition number="649" type="jump" coverage="50%" />
                    <condition number="670" type="jump" coverage="50%" />
                    <condition number="682" type="jump" coverage="50%" />
                  </conditions>
                </line>
                <line number="123" hits="4" branch="False" />
                <line number="124" hits="4" branch="True" condition-coverage="100% (2/2)">
                  <conditions>
                    <condition number="745" type="jump" coverage="100%" />
                  </conditions>
                </line>
                <line number="125" hits="1" branch="False" />
                <line number="126" hits="5" branch="True" condition-coverage="100% (2/2)">
                  <conditions>
                    <condition number="876" type="jump" coverage="100%" />
                  </conditions>
                </line>
                <line number="127" hits="1" branch="False" />
                <line number="128" hits="1" branch="True" condition-coverage="50% (2/4)">
                  <conditions>
                    <condition number="818" type="jump" coverage="50%" />
                    <condition number="838" type="jump" coverage="50%" />
                  </conditions>
                </line>
                <line number="129" hits="1" branch="False" />
                <line number="130" hits="1" branch="False" />
                <line number="133" hits="3" branch="False" />
                <line number="134" hits="3" branch="True" condition-coverage="100% (4/4)">
                  <conditions>
                    <condition number="954" type="jump" coverage="100%" />
                    <condition number="977" type="jump" coverage="100%" />
                  </conditions>
                </line>
                <line number="135" hits="1" branch="False" />
                <line number="136" hits="1" branch="False" />
                <line number="137" hits="1" branch="True" condition-coverage="75% (3/4)">
                  <conditions>
                    <condition number="1008" type="jump" coverage="50%" />
                    <condition number="1035" type="jump" coverage="100%" />
                  </conditions>
                </line>
                <line number="138" hits="1" branch="False" />
                <line number="139" hits="1" branch="False" />
                <line number="141" hits="3" branch="False" />
                <line number="142" hits="3" branch="True" condition-coverage="100% (4/4)">
                  <conditions>
                    <condition number="1096" type="jump" coverage="100%" />
                    <condition number="1119" type="jump" coverage="100%" />
                  </conditions>
                </line>
                <line number="143" hits="1" branch="False" />
                <line number="144" hits="1" branch="False" />
                <line number="145" hits="1" branch="True" condition-coverage="75% (3/4)">
                  <conditions>
                    <condition number="1150" type="jump" coverage="50%" />
                    <condition number="1177" type="jump" coverage="100%" />
                  </conditions>
                </line>
                <line number="146" hits="1" branch="False" />
                <line number="147" hits="1" branch="False" />
                <line number="149" hits="3" branch="False" />
                <line number="150" hits="3" branch="False" />
                <line number="151" hits="3" branch="False" />
                <line number="152" hits="3" branch="False" />
                <line number="153" hits="0" branch="False" />
                <line number="154" hits="0" branch="False" />
                <line number="155" hits="0" branch="False" />
                <line number="156" hits="0" branch="False" />
                <line number="157" hits="3" branch="False" />
                <line number="158" hits="3" branch="False" />
                <line number="159" hits="1" branch="False" />
                <line number="160" hits="1" branch="False" />
                <line number="161" hits="1" branch="False" />
                <line number="162" hits="1" branch="False" />
                <line number="164" hits="4" branch="False" />
                <line number="165" hits="5" branch="False" />
              </lines>
            </method>
          </methods>
          <lines>
            <line number="93" hits="5" branch="False" />
            <line number="94" hits="5" branch="False" />
            <line number="95" hits="5" branch="False" />
            <line number="96" hits="5" branch="False" />
            <line number="99" hits="5" branch="False" />
            <line number="100" hits="5" branch="False" />
            <line number="102" hits="4" branch="True" condition-coverage="100% (2/2)">
              <conditions>
                <condition number="236" type="jump" coverage="100%" />
              </conditions>
            </line>
            <line number="103" hits="1" branch="False" />
            <line number="104" hits="1" branch="False" />
            <line number="105" hits="1" branch="False" />
            <line number="108" hits="3" branch="False" />
            <line number="109" hits="3" branch="False" />
            <line number="111" hits="17" branch="True" condition-coverage="100% (2/2)">
              <conditions>
                <condition number="1581" type="jump" coverage="100%" />
              </conditions>
            </line>
            <line number="112" hits="4" branch="False" />
            <line number="113" hits="4" branch="False" />
            <line number="114" hits="4" branch="False" />
            <line number="117" hits="4" branch="False" />
            <line number="118" hits="4" branch="True" condition-coverage="50% (3/6)">
              <conditions>
                <condition number="442" type="jump" coverage="50%" />
                <condition number="463" type="jump" coverage="50%" />
                <condition number="475" type="jump" coverage="50%" />
              </conditions>
            </line>
            <line number="119" hits="4" branch="True" condition-coverage="50% (3/6)">
              <conditions>
                <condition number="511" type="jump" coverage="50%" />
                <condition number="532" type="jump" coverage="50%" />
                <condition number="544" type="jump" coverage="50%" />
              </conditions>
            </line>
            <line number="120" hits="4" branch="True" condition-coverage="50% (3/6)">
              <conditions>
                <condition number="580" type="jump" coverage="50%" />
                <condition number="601" type="jump" coverage="50%" />
                <condition number="613" type="jump" coverage="50%" />
              </conditions>
            </line>
            <line number="121" hits="4" branch="True" condition-coverage="50% (3/6)">
              <conditions>
                <condition number="649" type="jump" coverage="50%" />
                <condition number="670" type="jump" coverage="50%" />
                <condition number="682" type="jump" coverage="50%" />
              </conditions>
            </line>
            <line number="123" hits="4" branch="False" />
            <line number="124" hits="4" branch="True" condition-coverage="100% (2/2)">
              <conditions>
                <condition number="745" type="jump" coverage="100%" />
              </conditions>
            </line>
            <line number="125" hits="1" branch="False" />
            <line number="126" hits="5" branch="True" condition-coverage="100% (2/2)">
              <conditions>
                <condition number="876" type="jump" coverage="100%" />
              </conditions>
            </line>
            <line number="127" hits="1" branch="False" />
            <line number="128" hits="1" branch="True" condition-coverage="50% (2/4)">
              <conditions>
                <condition number="818" type="jump" coverage="50%" />
                <condition number="838" type="jump" coverage="50%" />
              </conditions>
            </line>
            <line number="129" hits="1" branch="False" />
            <line number="130" hits="1" branch="False" />
            <line number="133" hits="3" branch="False" />
            <line number="134" hits="3" branch="True" condition-coverage="100% (4/4)">
              <conditions>
                <condition number="954" type="jump" coverage="100%" />
                <condition number="977" type="jump" coverage="100%" />
              </conditions>
            </line>
            <line number="135" hits="1" branch="False" />
            <line number="136" hits="1" branch="False" />
            <line number="137" hits="1" branch="True" condition-coverage="75% (3/4)">
              <conditions>
                <condition number="1008" type="jump" coverage="50%" />
                <condition number="1035" type="jump" coverage="100%" />
              </conditions>
            </line>
            <line number="138" hits="1" branch="False" />
            <line number="139" hits="1" branch="False" />
            <line number="141" hits="3" branch="False" />
            <line number="142" hits="3" branch="True" condition-coverage="100% (4/4)">
              <conditions>
                <condition number="1096" type="jump" coverage="100%" />
                <condition number="1119" type="jump" coverage="100%" />
              </conditions>
            </line>
            <line number="143" hits="1" branch="False" />
            <line number="144" hits="1" branch="False" />
            <line number="145" hits="1" branch="True" condition-coverage="75% (3/4)">
              <conditions>
                <condition number="1150" type="jump" coverage="50%" />
                <condition number="1177" type="jump" coverage="100%" />
              </conditions>
            </line>
            <line number="146" hits="1" branch="False" />
            <line number="147" hits="1" branch="False" />
            <line number="149" hits="3" branch="False" />
            <line number="150" hits="3" branch="False" />
            <line number="151" hits="3" branch="False" />
            <line number="152" hits="3" branch="False" />
            <line number="153" hits="0" branch="False" />
            <line number="154" hits="0" branch="False" />
            <line number="155" hits="0" branch="False" />
            <line number="156" hits="0" branch="False" />
            <line number="157" hits="3" branch="False" />
            <line number="158" hits="3" branch="False" />
            <line number="159" hits="1" branch="False" />
            <line number="160" hits="1" branch="False" />
            <line number="161" hits="1" branch="False" />
            <line number="162" hits="1" branch="False" />
            <line number="164" hits="4" branch="False" />
            <line number="165" hits="5" branch="False" />
          </lines>
        </class>
        <class name="TicketingApi.Services.ImportService/&lt;ImportFromXmlAsync&gt;d__4" filename="Services\ImportService.cs" line-rate="0.9183" branch-rate="0.7368000000000001" complexity="38">
          <methods>
            <method name="MoveNext" signature="()" line-rate="0.9183" branch-rate="0.7368000000000001" complexity="38">
              <lines>
                <line number="168" hits="5" branch="False" />
                <line number="169" hits="5" branch="False" />
                <line number="170" hits="5" branch="False" />
                <line number="171" hits="5" branch="False" />
                <line number="174" hits="5" branch="False" />
                <line number="175" hits="5" branch="False" />
                <line number="176" hits="4" branch="False" />
                <line number="178" hits="4" branch="False" />
                <line number="179" hits="20" branch="True" condition-coverage="100% (2/2)">
                  <conditions>
                    <condition number="1301" type="jump" coverage="100%" />
                  </conditions>
                </line>
                <line number="180" hits="4" branch="False" />
                <line number="181" hits="4" branch="False" />
                <line number="182" hits="4" branch="False" />
                <line number="185" hits="4" branch="False" />
                <line number="186" hits="4" branch="True" condition-coverage="50% (2/4)">
                  <conditions>
                    <condition number="348" type="jump" coverage="50%" />
                    <condition number="365" type="jump" coverage="50%" />
                  </conditions>
                </line>
                <line number="187" hits="4" branch="True" condition-coverage="50% (2/4)">
                  <conditions>
                    <condition number="401" type="jump" coverage="50%" />
                    <condition number="418" type="jump" coverage="50%" />
                  </conditions>
                </line>
                <line number="188" hits="4" branch="True" condition-coverage="50% (2/4)">
                  <conditions>
                    <condition number="454" type="jump" coverage="50%" />
                    <condition number="471" type="jump" coverage="50%" />
                  </conditions>
                </line>
                <line number="189" hits="4" branch="True" condition-coverage="50% (2/4)">
                  <conditions>
                    <condition number="507" type="jump" coverage="50%" />
                    <condition number="524" type="jump" coverage="50%" />
                  </conditions>
                </line>
                <line number="191" hits="4" branch="False" />
                <line number="192" hits="4" branch="True" condition-coverage="100% (2/2)">
                  <conditions>
                    <condition number="587" type="jump" coverage="100%" />
                  </conditions>
                </line>
                <line number="193" hits="1" branch="False" />
                <line number="194" hits="5" branch="True" condition-coverage="100% (2/2)">
                  <conditions>
                    <condition number="718" type="jump" coverage="100%" />
                  </conditions>
                </line>
                <line number="195" hits="1" branch="False" />
[...]
          <methods>
            <method name="MoveNext" signature="()" line-rate="0.7726999999999999" branch-rate="0.8" complexity="10">
              <lines>
                <line number="20" hits="3" branch="False" />
                <line number="21" hits="3" branch="True" condition-coverage="100% (4/4)">
                  <conditions>
                    <condition number="22" type="jump" coverage="100%" />
                    <condition number="44" type="jump" coverage="100%" />
                  </conditions>
                </line>
                <line number="22" hits="1" branch="False" />
                <line number="24" hits="2" branch="False" />
                <line number="27" hits="2" branch="False" />
                <line number="30" hits="2" branch="False" />
                <line number="31" hits="2" branch="True" condition-coverage="66.66% (4/6)">
                  <conditions>
                    <condition number="192" type="jump" coverage="100%" />
                    <condition number="206" type="jump" coverage="50%" />
                    <condition number="223" type="jump" coverage="50%" />
                  </conditions>
                </line>
                <line number="32" hits="2" branch="False" />
                <line number="33" hits="1" branch="False" />
                <line number="34" hits="0" branch="False" />
                <line number="35" hits="0" branch="False" />
                <line number="36" hits="1" branch="False" />
                <line number="37" hits="2" branch="False" />
                <line number="38" hits="1" branch="False" />
                <line number="39" hits="1" branch="False" />
                <line number="40" hits="1" branch="False" />
                <line number="41" hits="1" branch="False" />
                <line number="43" hits="0" branch="False" />
                <line number="44" hits="0" branch="False" />
                <line number="45" hits="0" branch="False" />
                <line number="48" hits="1" branch="False" />
                <line number="49" hits="3" branch="False" />
              </lines>
            </method>
          </methods>
          <lines>
            <line number="20" hits="3" branch="False" />
            <line number="21" hits="3" branch="True" condition-coverage="100% (4/4)">
              <conditions>
                <condition number="22" type="jump" coverage="100%" />
                <condition number="44" type="jump" coverage="100%" />
              </conditions>
            </line>
            <line number="22" hits="1" branch="False" />
            <line number="24" hits="2" branch="False" />
            <line number="27" hits="2" branch="False" />
            <line number="30" hits="2" branch="False" />
            <line number="31" hits="2" branch="True" condition-coverage="66.66% (4/6)">
              <conditions>
                <condition number="192" type="jump" coverage="100%" />
                <condition number="206" type="jump" coverage="50%" />
                <condition number="223" type="jump" coverage="50%" />
              </conditions>
            </line>
            <line number="32" hits="2" branch="False" />
            <line number="33" hits="1" branch="False" />
            <line number="34" hits="0" branch="False" />
            <line number="35" hits="0" branch="False" />
            <line number="36" hits="1" branch="False" />
            <line number="37" hits="2" branch="False" />
            <line number="38" hits="1" branch="False" />
            <line number="39" hits="1" branch="False" />
            <line number="40" hits="1" branch="False" />
            <line number="41" hits="1" branch="False" />
            <line number="43" hits="0" branch="False" />
            <line number="44" hits="0" branch="False" />
            <line number="45" hits="0" branch="False" />
            <line number="48" hits="1" branch="False" />
            <line number="49" hits="3" branch="False" />
          </lines>
        </class>
        <class name="TicketingApi.Controllers.TicketsController" filename="Controllers\TicketsController.cs" line-rate="1" branch-rate="1" complexity="1">
          <methods>
            <method name=".ctor" signature="(TicketingApi.Services.ITicketService,TicketingApi.Services.IClassificationService)" line-rate="1" branch-rate="1" complexity="1">
              <lines>
                <line number="15" hits="14" branch="False" />
                <line number="16" hits="14" branch="False" />
                <line number="17" hits="14" branch="False" />
                <line number="18" hits="14" branch="False" />
                <line number="19" hits="14" branch="False" />
              </lines>
            </method>
          </methods>
          <lines>
            <line number="15" hits="14" branch="False" />
            <line number="16" hits="14" branch="False" />
            <line number="17" hits="14" branch="False" />
            <line number="18" hits="14" branch="False" />
            <line number="19" hits="14" branch="False" />
          </lines>
        </class>
        <class name="TicketingApi.Controllers.TicketsController/&lt;&gt;c" filename="Controllers\TicketsController.cs" line-rate="0" branch-rate="1" complexity="2">
          <methods>
            <method name="&lt;CreateTicket&gt;b__3_0" signature="(System.ComponentModel.DataAnnotations.ValidationResult)" line-rate="0" branch-rate="1" complexity="1">
              <lines>
                <line number="36" hits="0" branch="False" />
              </lines>
            </method>
            <method name="&lt;UpdateTicket&gt;b__6_0" signature="(System.ComponentModel.DataAnnotations.ValidationResult)" line-rate="0" branch-rate="1" complexity="1">
              <lines>
                <line number="92" hits="0" branch="False" />
              </lines>
            </method>
          </methods>
          <lines>
            <line number="36" hits="0" branch="False" />
            <line number="92" hits="0" branch="False" />
          </lines>
        </class>
        <class name="TicketingApi.Controllers.TicketsController/&lt;AutoClassifyTicket&gt;d__8" filename="Controllers\TicketsController.cs" line-rate="1" branch-rate="1" complexity="2">
          <methods>
            <method name="MoveNext" signature="()" line-rate="1" branch-rate="1" complexity="2">
              <lines>
                <line number="115" hits="2" branch="False" />
                <line number="116" hits="2" branch="False" />
                <line number="117" hits="2" branch="True" condition-coverage="100% (2/2)">
                  <conditions>
                    <condition number="189" type="jump" coverage="100%" />
                  </conditions>
                </line>
                <line number="118" hits="1" branch="False" />
                <line number="120" hits="1" branch="False" />
                <line number="122" hits="1" branch="False" />
                <line number="123" hits="1" branch="False" />
                <line number="124" hits="1" branch="False" />
                <line number="125" hits="1" branch="False" />
                <line number="127" hits="1" branch="False" />
                <line number="128" hits="1" branch="False" />
                <line number="129" hits="1" branch="False" />
                <line number="131" hits="1" branch="False" />
                <line number="132" hits="2" branch="False" />
              </lines>
            </method>
          </methods>
          <lines>
            <line number="115" hits="2" branch="False" />
            <line number="116" hits="2" branch="False" />
            <line number="117" hits="2" branch="True" condition-coverage="100% (2/2)">
              <conditions>
                <condition number="189" type="jump" coverage="100%" />
              </conditions>
            </line>
            <line number="118" hits="1" branch="False" />
            <line number="120" hits="1" branch="False" />
            <line number="122" hits="1" branch="False" />
            <line number="123" hits="1" branch="False" />
            <line number="124" hits="1" branch="False" />
            <line number="125" hits="1" branch="False" />
            <line number="127" hits="1" branch="False" />
            <line number="128" hits="1" branch="False" />
            <line number="129" hits="1" branch="False" />
            <line number="131" hits="1" branch="False" />
            <line number="132" hits="2" branch="False" />
          </lines>
        </class>
        <class name="TicketingApi.Controllers.TicketsController/&lt;CreateTicket&gt;d__3" filename="Controllers\TicketsController.cs" line-rate="1" branch-rate="1" complexity="4">
          <methods>
            <method name="MoveNext" signature="()" line-rate="1" branch-rate="1" complexity="4">
              <lines>
                <line number="23" hits="3" branch="False" />
                <line number="24" hits="3" branch="False" />
                <line number="25" hits="3" branch="False" />
                <line number="26" hits="3" branch="False" />
                <line number="27" hits="3" branch="False" />
                <line number="28" hits="3" branch="False" />
                <line number="29" hits="3" branch="False" />
                <line number="31" hits="3" branch="True" condition-coverage="100% (2/2)">
                  <conditions>
                    <condition number="97" type="jump" coverage="100%" />
                  </conditions>
                </line>
                <line number="32" hits="1" branch="False" />
                <line number="33" hits="1" branch="False" />
                <line number="34" hits="1" branch="False" />
                <line number="35" hits="1" branch="False" />
                <line number="37" hits="1" branch="False" />
                <line number="40" hits="2" branch="False" />
                <line number="42" hits="2" branch="True" condition-coverage="100% (2/2)">
                  <conditions>
                    <condition number="326" type="jump" coverage="100%" />
                  </conditions>
                </line>
                <line number="43" hits="1" branch="False" />
                <line number="44" hits="1" branch="False" />
                <line number="45" hits="1" branch="False" />
                <line number="46" hits="1" branch="False" />
                <line number="47" hits="1" branch="False" />
                <line number="48" hits="1" branch="False" />
                <line number="49" hits="1" branch="False" />
                <line number="51" hits="2" branch="False" />
                <line number="52" hits="3" branch="False" />
              </lines>
            </method>
          </methods>
          <lines>
            <line number="23" hits="3" branch="False" />
            <line number="24" hits="3" branch="False" />
            <line number="25" hits="3" branch="False" />
            <line number="26" hits="3" branch="False" />
            <line number="27" hits="3" branch="False" />
            <line number="28" hits="3" branch="False" />
            <line number="29" hits="3" branch="False" />
            <line number="31" hits="3" branch="True" condition-coverage="100% (2/2)">
              <conditions>
                <condition number="97" type="jump" coverage="100%" />
              </conditions>
            </line>
            <line number="32" hits="1" branch="False" />
            <line number="33" hits="1" branch="False" />
            <line number="34" hits="1" branch="False" />
            <line number="35" hits="1" branch="False" />
            <line number="37" hits="1" branch="False" />
            <line number="40" hits="2" branch="False" />
            <line number="42" hits="2" branch="True" condition-coverage="100% (2/2)">
              <conditions>
                <condition number="326" type="jump" coverage="100%" />
              </conditions>
            </line>
            <line number="43" hits="1" branch="False" />
            <line number="44" hits="1" branch="False" />
            <line number="45" hits="1" branch="False" />
            <line number="46" hits="1" branch="False" />
            <line number="47" hits="1" branch="False" />
            <line number="48" hits="1" branch="False" />
            <line number="49" hits="1" branch="False" />
            <line number="51" hits="2" branch="False" />
            <line number="52" hits="3" branch="False" />
          </lines>
        </class>
        <class name="TicketingApi.Controllers.TicketsController/&lt;DeleteTicket&gt;d__7" filename="Controllers\TicketsController.cs" line-rate="1" branch-rate="1" complexity="2">
          <methods>
            <method name="MoveNext" signature="()" line-rate="1" branch-rate="1" complexity="2">
              <lines>
                <line number="105" hits="2" branch="False" />
                <line number="106" hits="2" branch="False" />
                <line number="107" hits="2" branch="True" condition-coverage="100% (2/2)">
                  <conditions>
                    <condition number="157" type="jump" coverage="100%" />
                  </conditions>
                </line>
                <line number="108" hits="1" branch="False" />
                <line number="110" hits="1" branch="False" />
                <line number="111" hits="2" branch="False" />
              </lines>
            </method>
          </methods>
          <lines>
            <line number="105" hits="2" branch="False" />
            <line number="106" hits="2" branch="False" />
            <line number="107" hits="2" branch="True" condition-coverage="100% (2/2)">
              <conditions>
                <condition number="157" type="jump" coverage="100%" />
              </conditions>
            </line>
            <line number="108" hits="1" branch="False" />
            <line number="110" hits="1" branch="False" />
            <line number="111" hits="2" branch="False" />
          </lines>
        </class>
        <class name="TicketingApi.Controllers.TicketsController/&lt;GetTicket&gt;d__5" filename="Controllers\TicketsController.cs" line-rate="1" branch-rate="1" complexity="2">
          <methods>
            <method name="MoveNext" signature="()" line-rate="1" branch-rate="1" complexity="2">
              <lines>
                <line number="70" hits="2" branch="False" />
                <line number="71" hits="2" branch="False" />
                <line number="72" hits="2" branch="True" condition-coverage="100% (2/2)">
                  <conditions>
                    <condition number="164" type="jump" coverage="100%" />
                  </conditions>
                </line>
                <line number="73" hits="1" branch="False" />
                <line number="75" hits="1" branch="False" />
                <line number="76" hits="2" branch="False" />
              </lines>
            </method>
          </methods>
          <lines>
            <line number="70" hits="2" branch="False" />
            <line number="71" hits="2" branch="False" />
            <line number="72" hits="2" branch="True" condition-coverage="100% (2/2)">
              <conditions>
                <condition number="164" type="jump" coverage="100%" />
              </conditions>
            </line>
            <line number="73" hits="1" branch="False" />
            <line number="75" hits="1" branch="False" />
            <line number="76" hits="2" branch="False" />
          </lines>
        </class>
        <class name="TicketingApi.Controllers.TicketsController/&lt;GetTickets&gt;d__4" filename="Controllers\TicketsController.cs" line-rate="1" branch-rate="1" complexity="1">
          <methods>
            <method name="MoveNext" signature="()" line-rate="1" branch-rate="1" complexity="1">
              <lines>
                <line number="62" hits="2" branch="False" />
                <line number="63" hits="2" branch="False" />
                <line number="64" hits="2" branch="False" />
                <line number="65" hits="2" branch="False" />
                <line number="66" hits="2" branch="False" />
              </lines>
            </method>
          </methods>
          <lines>
            <line number="62" hits="2" branch="False" />
            <line number="63" hits="2" branch="False" />
            <line number="64" hits="2" branch="False" />
            <line number="65" hits="2" branch="False" />
            <line number="66" hits="2" branch="False" />
          </lines>
        </class>
        <class name="TicketingApi.Controllers.TicketsController/&lt;UpdateTicket&gt;d__6" filename="Controllers\TicketsController.cs" line-rate="1" branch-rate="1" complexity="4">
          <methods>
            <method name="MoveNext" signature="()" line-rate="1" branch-rate="1" complexity="4">
              <lines>
                <line number="80" hits="3" branch="False" />
                <line number="81" hits="3" branch="False" />
                <line number="82" hits="3" branch="False" />
                <line number="83" hits="3" branch="False" />
                <line number="84" hits="3" branch="False" />
                <line number="85" hits="3" branch="False" />
                <line number="87" hits="3" branch="True" condition-coverage="100% (2/2)">
                  <conditions>
                    <condition number="75" type="jump" coverage="100%" />
                  </conditions>
                </line>
                <line number="88" hits="1" branch="False" />
                <line number="89" hits="1" branch="False" />
                <line number="90" hits="1" branch="False" />
                <line number="91" hits="1" branch="False" />
                <line number="93" hits="1" branch="False" />
                <line number="96" hits="2" branch="False" />
                <line number="97" hits="2" branch="True" condition-coverage="100% (2/2)">
                  <conditions>
                    <condition number="308" type="jump" coverage="100%" />
                  </conditions>
                </line>
                <line number="98" hits="1" branch="False" />
                <line number="100" hits="1" branch="False" />
                <line number="101" hits="3" branch="False" />
              </lines>
            </method>
          </methods>
          <lines>
            <line number="80" hits="3" branch="False" />
            <line number="81" hits="3" branch="False" />
            <line number="82" hits="3" branch="False" />
            <line number="83" hits="3" branch="False" />
            <line number="84" hits="3" branch="False" />
            <line number="85" hits="3" branch="False" />
            <line number="87" hits="3" branch="True" condition-coverage="100% (2/2)">
              <conditions>
                <condition number="75" type="jump" coverage="100%" />
              </conditions>
            </line>
            <line number="88" hits="1" branch="False" />
            <line number="89" hits="1" branch="False" />
            <line number="90" hits="1" branch="False" />
            <line number="91" hits="1" branch="False" />
            <line number="93" hits="1" branch="False" />
            <line number="96" hits="2" branch="False" />
            <line number="97" hits="2" branch="True" condition-coverage="100% (2/2)">
              <conditions>
                <condition number="308" type="jump" coverage="100%" />
              </conditions>
            </line>
            <line number="98" hits="1" branch="False" />
            <line number="100" hits="1" branch="False" />
            <line number="101" hits="3" branch="False" />
          </lines>
        </class>
      </classes>
    </package>
  </packages>
</coverage>